INFO - 2023-04-08 06:58:26 --> Session: Class initialized using 'CodeIgniter\Session\Handlers\FileHandler' driver.
INFO - 2023-04-08 06:58:46 --> Session: Class initialized using 'CodeIgniter\Session\Handlers\FileHandler' driver.
INFO - 2023-04-08 06:58:48 --> Session: Class initialized using 'CodeIgniter\Session\Handlers\FileHandler' driver.
INFO - 2023-04-08 07:02:51 --> Session: Class initialized using 'CodeIgniter\Session\Handlers\FileHandler' driver.
INFO - 2023-04-08 07:02:56 --> Session: Class initialized using 'CodeIgniter\Session\Handlers\FileHandler' driver.
INFO - 2023-04-08 07:02:59 --> Session: Class initialized using 'CodeIgniter\Session\Handlers\FileHandler' driver.
INFO - 2023-04-08 07:07:28 --> Session: Class initialized using 'CodeIgniter\Session\Handlers\FileHandler' driver.
INFO - 2023-04-08 07:07:41 --> Session: Class initialized using 'CodeIgniter\Session\Handlers\FileHandler' driver.
INFO - 2023-04-08 07:07:41 --> Session: Class initialized using 'CodeIgniter\Session\Handlers\FileHandler' driver.
INFO - 2023-04-08 08:11:49 --> Session: Class initialized using 'CodeIgniter\Session\Handlers\FileHandler' driver.
CRITICAL - 2023-04-08 08:11:59 --> preg_match(): Compilation failed: missing closing parenthesis at offset 22
in SYSTEMPATH\Router\Router.php on line 419.
 1 [internal function]: CodeIgniter\Debug\Exceptions->errorHandler(2, 'preg_match(): Compilation failed: missing closing parenthesis at offset 22', 'SYSTEMPATH\\Router\\Router.php', 419)
 2 SYSTEMPATH\Router\Router.php(419): preg_match('#^kelas/sunting/([\\w]+$#u', 'kelas/sunting/C14220001', [])
 3 SYSTEMPATH\Router\Router.php(182): CodeIgniter\Router\Router->checkRoutes('kelas/sunting/C14220001')
 4 SYSTEMPATH\CodeIgniter.php(815): CodeIgniter\Router\Router->handle('kelas/sunting/C14220001')
 5 SYSTEMPATH\CodeIgniter.php(449): CodeIgniter\CodeIgniter->tryToRouteIt(Object(CodeIgniter\Router\RouteCollection))
 6 SYSTEMPATH\CodeIgniter.php(368): CodeIgniter\CodeIgniter->handleRequest(null, Object(Config\Cache), false)
 7 FCPATH\index.php(67): CodeIgniter\CodeIgniter->run()
CRITICAL - 2023-04-08 08:12:04 --> preg_match(): Compilation failed: missing closing parenthesis at offset 22
in SYSTEMPATH\Router\Router.php on line 419.
 1 [internal function]: CodeIgniter\Debug\Exceptions->errorHandler(2, 'preg_match(): Compilation failed: missing closing parenthesis at offset 22', 'SYSTEMPATH\\Router\\Router.php', 419)
 2 SYSTEMPATH\Router\Router.php(419): preg_match('#^kelas/sunting/([\\w]+$#u', 'kelas/sunting/C14220002', [])
 3 SYSTEMPATH\Router\Router.php(182): CodeIgniter\Router\Router->checkRoutes('kelas/sunting/C14220002')
 4 SYSTEMPATH\CodeIgniter.php(815): CodeIgniter\Router\Router->handle('kelas/sunting/C14220002')
 5 SYSTEMPATH\CodeIgniter.php(449): CodeIgniter\CodeIgniter->tryToRouteIt(Object(CodeIgniter\Router\RouteCollection))
 6 SYSTEMPATH\CodeIgniter.php(368): CodeIgniter\CodeIgniter->handleRequest(null, Object(Config\Cache), false)
 7 FCPATH\index.php(67): CodeIgniter\CodeIgniter->run()
CRITICAL - 2023-04-08 08:12:34 --> preg_match(): Compilation failed: missing closing parenthesis at offset 22
in SYSTEMPATH\Router\Router.php on line 419.
 1 [internal function]: CodeIgniter\Debug\Exceptions->errorHandler(2, 'preg_match(): Compilation failed: missing closing parenthesis at offset 22', 'SYSTEMPATH\\Router\\Router.php', 419)
 2 SYSTEMPATH\Router\Router.php(419): preg_match('#^kelas/sunting/([\\w]+$#u', 'kelas/sunting/C14220002', [])
 3 SYSTEMPATH\Router\Router.php(182): CodeIgniter\Router\Router->checkRoutes('kelas/sunting/C14220002')
 4 SYSTEMPATH\CodeIgniter.php(815): CodeIgniter\Router\Router->handle('kelas/sunting/C14220002')
 5 SYSTEMPATH\CodeIgniter.php(449): CodeIgniter\CodeIgniter->tryToRouteIt(Object(CodeIgniter\Router\RouteCollection))
 6 SYSTEMPATH\CodeIgniter.php(368): CodeIgniter\CodeIgniter->handleRequest(null, Object(Config\Cache), false)
 7 FCPATH\index.php(67): CodeIgniter\CodeIgniter->run()
CRITICAL - 2023-04-08 08:14:01 --> preg_match(): Compilation failed: missing closing parenthesis at offset 22
in SYSTEMPATH\Router\Router.php on line 419.
 1 [internal function]: CodeIgniter\Debug\Exceptions->errorHandler(2, 'preg_match(): Compilation failed: missing closing parenthesis at offset 22', 'SYSTEMPATH\\Router\\Router.php', 419)
 2 SYSTEMPATH\Router\Router.php(419): preg_match('#^kelas/sunting/([\\w]+$#u', 'kelas/sunting/C14220002', [])
 3 SYSTEMPATH\Router\Router.php(182): CodeIgniter\Router\Router->checkRoutes('kelas/sunting/C14220002')
 4 SYSTEMPATH\CodeIgniter.php(815): CodeIgniter\Router\Router->handle('kelas/sunting/C14220002')
 5 SYSTEMPATH\CodeIgniter.php(449): CodeIgniter\CodeIgniter->tryToRouteIt(Object(CodeIgniter\Router\RouteCollection))
 6 SYSTEMPATH\CodeIgniter.php(368): CodeIgniter\CodeIgniter->handleRequest(null, Object(Config\Cache), false)
 7 FCPATH\index.php(67): CodeIgniter\CodeIgniter->run()
CRITICAL - 2023-04-08 08:14:02 --> preg_match(): Compilation failed: missing closing parenthesis at offset 22
in SYSTEMPATH\Router\Router.php on line 419.
 1 [internal function]: CodeIgniter\Debug\Exceptions->errorHandler(2, 'preg_match(): Compilation failed: missing closing parenthesis at offset 22', 'SYSTEMPATH\\Router\\Router.php', 419)
 2 SYSTEMPATH\Router\Router.php(419): preg_match('#^kelas/sunting/([\\w]+$#u', 'kelas/sunting/C14220002', [])
 3 SYSTEMPATH\Router\Router.php(182): CodeIgniter\Router\Router->checkRoutes('kelas/sunting/C14220002')
 4 SYSTEMPATH\CodeIgniter.php(815): CodeIgniter\Router\Router->handle('kelas/sunting/C14220002')
 5 SYSTEMPATH\CodeIgniter.php(449): CodeIgniter\CodeIgniter->tryToRouteIt(Object(CodeIgniter\Router\RouteCollection))
 6 SYSTEMPATH\CodeIgniter.php(368): CodeIgniter\CodeIgniter->handleRequest(null, Object(Config\Cache), false)
 7 FCPATH\index.php(67): CodeIgniter\CodeIgniter->run()
CRITICAL - 2023-04-08 08:14:04 --> preg_match(): Compilation failed: missing closing parenthesis at offset 22
in SYSTEMPATH\Router\Router.php on line 419.
 1 [internal function]: CodeIgniter\Debug\Exceptions->errorHandler(2, 'preg_match(): Compilation failed: missing closing parenthesis at offset 22', 'SYSTEMPATH\\Router\\Router.php', 419)
 2 SYSTEMPATH\Router\Router.php(419): preg_match('#^kelas/sunting/([\\w]+$#u', 'kelas/sunting/C14220001', [])
 3 SYSTEMPATH\Router\Router.php(182): CodeIgniter\Router\Router->checkRoutes('kelas/sunting/C14220001')
 4 SYSTEMPATH\CodeIgniter.php(815): CodeIgniter\Router\Router->handle('kelas/sunting/C14220001')
 5 SYSTEMPATH\CodeIgniter.php(449): CodeIgniter\CodeIgniter->tryToRouteIt(Object(CodeIgniter\Router\RouteCollection))
 6 SYSTEMPATH\CodeIgniter.php(368): CodeIgniter\CodeIgniter->handleRequest(null, Object(Config\Cache), false)
 7 FCPATH\index.php(67): CodeIgniter\CodeIgniter->run()
INFO - 2023-04-08 08:15:12 --> Session: Class initialized using 'CodeIgniter\Session\Handlers\FileHandler' driver.
INFO - 2023-04-08 08:15:57 --> Session: Class initialized using 'CodeIgniter\Session\Handlers\FileHandler' driver.
INFO - 2023-04-08 08:16:02 --> Session: Class initialized using 'CodeIgniter\Session\Handlers\FileHandler' driver.
INFO - 2023-04-08 08:16:38 --> Session: Class initialized using 'CodeIgniter\Session\Handlers\FileHandler' driver.
INFO - 2023-04-08 08:16:40 --> Session: Class initialized using 'CodeIgniter\Session\Handlers\FileHandler' driver.
INFO - 2023-04-08 08:17:38 --> Session: Class initialized using 'CodeIgniter\Session\Handlers\FileHandler' driver.
CRITICAL - 2023-04-08 08:18:24 --> preg_match(): Compilation failed: missing closing parenthesis at offset 22
in SYSTEMPATH\Router\Router.php on line 419.
 1 [internal function]: CodeIgniter\Debug\Exceptions->errorHandler(2, 'preg_match(): Compilation failed: missing closing parenthesis at offset 22', 'SYSTEMPATH\\Router\\Router.php', 419)
 2 SYSTEMPATH\Router\Router.php(419): preg_match('#^kelas/sunting/([\\w]+$#u', 'kelas/sunting/C14220001', [])
 3 SYSTEMPATH\Router\Router.php(182): CodeIgniter\Router\Router->checkRoutes('kelas/sunting/C14220001')
 4 SYSTEMPATH\CodeIgniter.php(815): CodeIgniter\Router\Router->handle('kelas/sunting/C14220001')
 5 SYSTEMPATH\CodeIgniter.php(449): CodeIgniter\CodeIgniter->tryToRouteIt(Object(CodeIgniter\Router\RouteCollection))
 6 SYSTEMPATH\CodeIgniter.php(368): CodeIgniter\CodeIgniter->handleRequest(null, Object(Config\Cache), false)
 7 FCPATH\index.php(67): CodeIgniter\CodeIgniter->run()
INFO - 2023-04-08 08:21:57 --> Session: Class initialized using 'CodeIgniter\Session\Handlers\FileHandler' driver.
INFO - 2023-04-08 08:25:00 --> Session: Class initialized using 'CodeIgniter\Session\Handlers\FileHandler' driver.
INFO - 2023-04-08 08:25:04 --> Session: Class initialized using 'CodeIgniter\Session\Handlers\FileHandler' driver.
INFO - 2023-04-08 08:25:41 --> Session: Class initialized using 'CodeIgniter\Session\Handlers\FileHandler' driver.
INFO - 2023-04-08 08:26:51 --> Session: Class initialized using 'CodeIgniter\Session\Handlers\FileHandler' driver.
INFO - 2023-04-08 08:26:53 --> Session: Class initialized using 'CodeIgniter\Session\Handlers\FileHandler' driver.
INFO - 2023-04-08 08:27:05 --> Session: Class initialized using 'CodeIgniter\Session\Handlers\FileHandler' driver.
INFO - 2023-04-08 08:32:49 --> Session: Class initialized using 'CodeIgniter\Session\Handlers\FileHandler' driver.
INFO - 2023-04-08 08:32:50 --> Session: Class initialized using 'CodeIgniter\Session\Handlers\FileHandler' driver.
INFO - 2023-04-08 08:32:51 --> Session: Class initialized using 'CodeIgniter\Session\Handlers\FileHandler' driver.
INFO - 2023-04-08 08:32:51 --> Session: Class initialized using 'CodeIgniter\Session\Handlers\FileHandler' driver.
INFO - 2023-04-08 08:32:53 --> Session: Class initialized using 'CodeIgniter\Session\Handlers\FileHandler' driver.
INFO - 2023-04-08 08:32:53 --> Session: Class initialized using 'CodeIgniter\Session\Handlers\FileHandler' driver.
INFO - 2023-04-08 08:33:58 --> Session: Class initialized using 'CodeIgniter\Session\Handlers\FileHandler' driver.
INFO - 2023-04-08 08:35:24 --> Session: Class initialized using 'CodeIgniter\Session\Handlers\FileHandler' driver.
INFO - 2023-04-08 08:36:06 --> Session: Class initialized using 'CodeIgniter\Session\Handlers\FileHandler' driver.
INFO - 2023-04-08 08:36:12 --> Session: Class initialized using 'CodeIgniter\Session\Handlers\FileHandler' driver.
INFO - 2023-04-08 08:36:16 --> Session: Class initialized using 'CodeIgniter\Session\Handlers\FileHandler' driver.
INFO - 2023-04-08 08:36:30 --> Session: Class initialized using 'CodeIgniter\Session\Handlers\FileHandler' driver.
INFO - 2023-04-08 08:36:35 --> Session: Class initialized using 'CodeIgniter\Session\Handlers\FileHandler' driver.
CRITICAL - 2023-04-08 08:38:02 --> Maximum execution time of 120 seconds exceeded
in SYSTEMPATH\Database\MySQLi\Connection.php on line 296.
 1 [internal function]: CodeIgniter\Debug\Exceptions->shutdownHandler()
CRITICAL - 2023-04-08 08:38:02 --> Maximum execution time of 120 seconds exceeded
in SYSTEMPATH\Database\MySQLi\Connection.php on line 296.
 1 [internal function]: CodeIgniter\Debug\Exceptions->shutdownHandler()
CRITICAL - 2023-04-08 08:38:02 --> Maximum execution time of 120 seconds exceeded
in SYSTEMPATH\Database\MySQLi\Connection.php on line 296.
 1 [internal function]: CodeIgniter\Debug\Exceptions->shutdownHandler()
CRITICAL - 2023-04-08 08:38:02 --> Maximum execution time of 120 seconds exceeded
in SYSTEMPATH\Database\MySQLi\Connection.php on line 296.
 1 [internal function]: CodeIgniter\Debug\Exceptions->shutdownHandler()
CRITICAL - 2023-04-08 08:38:02 --> Maximum execution time of 120 seconds exceeded
in SYSTEMPATH\Database\MySQLi\Connection.php on line 296.
 1 [internal function]: CodeIgniter\Debug\Exceptions->shutdownHandler()
CRITICAL - 2023-04-08 08:38:02 --> Maximum execution time of 120 seconds exceeded
in SYSTEMPATH\Database\MySQLi\Connection.php on line 296.
 1 [internal function]: CodeIgniter\Debug\Exceptions->shutdownHandler()
ERROR - 2023-04-08 09:01:45 --> Error connecting to the database: mysqli_sql_exception: No connection could be made because the target machine actively refused it in C:\xampp\htdocs\day3wgg\system\Database\MySQLi\Connection.php:173
Stack trace:
#0 C:\xampp\htdocs\day3wgg\system\Database\MySQLi\Connection.php(173): mysqli->real_connect('localhost', 'root', Object(SensitiveParameterValue), 'latihanwgg', 3306, '', 0)
#1 C:\xampp\htdocs\day3wgg\system\Database\BaseConnection.php(391): CodeIgniter\Database\MySQLi\Connection->connect(false)
#2 C:\xampp\htdocs\day3wgg\system\Database\BaseConnection.php(573): CodeIgniter\Database\BaseConnection->initialize()
#3 C:\xampp\htdocs\day3wgg\system\Database\BaseBuilder.php(1616): CodeIgniter\Database\BaseConnection->query('SELECT *\nFROM `...', Array, false)
#4 C:\xampp\htdocs\day3wgg\app\Models\KelasInputModel.php(20): CodeIgniter\Database\BaseBuilder->get()
#5 C:\xampp\htdocs\day3wgg\app\Controllers\KelasInput.php(22): App\Models\KelasInputModel->tampilkan_data()
#6 C:\xampp\htdocs\day3wgg\system\CodeIgniter.php(934): App\Controllers\KelasInput->index()
#7 C:\xampp\htdocs\day3wgg\system\CodeIgniter.php(499): CodeIgniter\CodeIgniter->runController(Object(App\Controllers\KelasInput))
#8 C:\xampp\htdocs\day3wgg\system\CodeIgniter.php(368): CodeIgniter\CodeIgniter->handleRequest(NULL, Object(Config\Cache), false)
#9 C:\xampp\htdocs\day3wgg\index.php(67): CodeIgniter\CodeIgniter->run()
#10 {main}

Next CodeIgniter\Database\Exceptions\DatabaseException: No connection could be made because the target machine actively refused it in C:\xampp\htdocs\day3wgg\system\Database\MySQLi\Connection.php:218
Stack trace:
#0 C:\xampp\htdocs\day3wgg\system\Database\BaseConnection.php(391): CodeIgniter\Database\MySQLi\Connection->connect(false)
#1 C:\xampp\htdocs\day3wgg\system\Database\BaseConnection.php(573): CodeIgniter\Database\BaseConnection->initialize()
#2 C:\xampp\htdocs\day3wgg\system\Database\BaseBuilder.php(1616): CodeIgniter\Database\BaseConnection->query('SELECT *\nFROM `...', Array, false)
#3 C:\xampp\htdocs\day3wgg\app\Models\KelasInputModel.php(20): CodeIgniter\Database\BaseBuilder->get()
#4 C:\xampp\htdocs\day3wgg\app\Controllers\KelasInput.php(22): App\Models\KelasInputModel->tampilkan_data()
#5 C:\xampp\htdocs\day3wgg\system\CodeIgniter.php(934): App\Controllers\KelasInput->index()
#6 C:\xampp\htdocs\day3wgg\system\CodeIgniter.php(499): CodeIgniter\CodeIgniter->runController(Object(App\Controllers\KelasInput))
#7 C:\xampp\htdocs\day3wgg\system\CodeIgniter.php(368): CodeIgniter\CodeIgniter->handleRequest(NULL, Object(Config\Cache), false)
#8 C:\xampp\htdocs\day3wgg\index.php(67): CodeIgniter\CodeIgniter->run()
#9 {main}
CRITICAL - 2023-04-08 09:01:45 --> Unable to connect to the database.
Main connection [MySQLi]: No connection could be made because the target machine actively refused it
in SYSTEMPATH\Database\BaseConnection.php on line 427.
 1 SYSTEMPATH\Database\BaseConnection.php(573): CodeIgniter\Database\BaseConnection->initialize()
 2 SYSTEMPATH\Database\BaseBuilder.php(1616): CodeIgniter\Database\BaseConnection->query('SELECT *
FROM `kelas`
ORDER BY `NRP` ASC', [], false)
 3 APPPATH\Models\KelasInputModel.php(20): CodeIgniter\Database\BaseBuilder->get()
 4 APPPATH\Controllers\KelasInput.php(22): App\Models\KelasInputModel->tampilkan_data()
 5 SYSTEMPATH\CodeIgniter.php(934): App\Controllers\KelasInput->index()
 6 SYSTEMPATH\CodeIgniter.php(499): CodeIgniter\CodeIgniter->runController(Object(App\Controllers\KelasInput))
 7 SYSTEMPATH\CodeIgniter.php(368): CodeIgniter\CodeIgniter->handleRequest(null, Object(Config\Cache), false)
 8 FCPATH\index.php(67): CodeIgniter\CodeIgniter->run()
ERROR - 2023-04-08 09:01:47 --> Error connecting to the database: mysqli_sql_exception: No connection could be made because the target machine actively refused it in C:\xampp\htdocs\day3wgg\system\Database\MySQLi\Connection.php:173
Stack trace:
#0 C:\xampp\htdocs\day3wgg\system\Database\MySQLi\Connection.php(173): mysqli->real_connect('localhost', 'root', Object(SensitiveParameterValue), 'latihanwgg', 3306, '', 0)
#1 C:\xampp\htdocs\day3wgg\system\Database\BaseConnection.php(391): CodeIgniter\Database\MySQLi\Connection->connect(false)
#2 C:\xampp\htdocs\day3wgg\system\Database\BaseConnection.php(573): CodeIgniter\Database\BaseConnection->initialize()
#3 C:\xampp\htdocs\day3wgg\system\Database\BaseBuilder.php(1616): CodeIgniter\Database\BaseConnection->query('SELECT *\nFROM `...', Array, false)
#4 C:\xampp\htdocs\day3wgg\system\Model.php(268): CodeIgniter\Database\BaseBuilder->get()
#5 C:\xampp\htdocs\day3wgg\system\BaseModel.php(656): CodeIgniter\Model->doFirst()
#6 C:\xampp\htdocs\day3wgg\app\Models\KelasInputModel.php(32): CodeIgniter\BaseModel->first()
#7 C:\xampp\htdocs\day3wgg\app\Controllers\KelasInput.php(104): App\Models\KelasInputModel->fetch_data('C14220001')
#8 C:\xampp\htdocs\day3wgg\system\CodeIgniter.php(934): App\Controllers\KelasInput->sunting('C14220001')
#9 C:\xampp\htdocs\day3wgg\system\CodeIgniter.php(499): CodeIgniter\CodeIgniter->runController(Object(App\Controllers\KelasInput))
#10 C:\xampp\htdocs\day3wgg\system\CodeIgniter.php(368): CodeIgniter\CodeIgniter->handleRequest(NULL, Object(Config\Cache), false)
#11 C:\xampp\htdocs\day3wgg\index.php(67): CodeIgniter\CodeIgniter->run()
#12 {main}

Next CodeIgniter\Database\Exceptions\DatabaseException: No connection could be made because the target machine actively refused it in C:\xampp\htdocs\day3wgg\system\Database\MySQLi\Connection.php:218
Stack trace:
#0 C:\xampp\htdocs\day3wgg\system\Database\BaseConnection.php(391): CodeIgniter\Database\MySQLi\Connection->connect(false)
#1 C:\xampp\htdocs\day3wgg\system\Database\BaseConnection.php(573): CodeIgniter\Database\BaseConnection->initialize()
#2 C:\xampp\htdocs\day3wgg\system\Database\BaseBuilder.php(1616): CodeIgniter\Database\BaseConnection->query('SELECT *\nFROM `...', Array, false)
#3 C:\xampp\htdocs\day3wgg\system\Model.php(268): CodeIgniter\Database\BaseBuilder->get()
#4 C:\xampp\htdocs\day3wgg\system\BaseModel.php(656): CodeIgniter\Model->doFirst()
#5 C:\xampp\htdocs\day3wgg\app\Models\KelasInputModel.php(32): CodeIgniter\BaseModel->first()
#6 C:\xampp\htdocs\day3wgg\app\Controllers\KelasInput.php(104): App\Models\KelasInputModel->fetch_data('C14220001')
#7 C:\xampp\htdocs\day3wgg\system\CodeIgniter.php(934): App\Controllers\KelasInput->sunting('C14220001')
#8 C:\xampp\htdocs\day3wgg\system\CodeIgniter.php(499): CodeIgniter\CodeIgniter->runController(Object(App\Controllers\KelasInput))
#9 C:\xampp\htdocs\day3wgg\system\CodeIgniter.php(368): CodeIgniter\CodeIgniter->handleRequest(NULL, Object(Config\Cache), false)
#10 C:\xampp\htdocs\day3wgg\index.php(67): CodeIgniter\CodeIgniter->run()
#11 {main}
CRITICAL - 2023-04-08 09:01:47 --> Unable to connect to the database.
Main connection [MySQLi]: No connection could be made because the target machine actively refused it
in SYSTEMPATH\Database\BaseConnection.php on line 427.
 1 SYSTEMPATH\Database\BaseConnection.php(573): CodeIgniter\Database\BaseConnection->initialize()
 2 SYSTEMPATH\Database\BaseBuilder.php(1616): CodeIgniter\Database\BaseConnection->query('SELECT *
FROM `kelas`
WHERE `NRP` = :NRP:
 LIMIT 1', [...], false)
 3 SYSTEMPATH\Model.php(268): CodeIgniter\Database\BaseBuilder->get()
 4 SYSTEMPATH\BaseModel.php(656): CodeIgniter\Model->doFirst()
 5 APPPATH\Models\KelasInputModel.php(32): CodeIgniter\BaseModel->first()
 6 APPPATH\Controllers\KelasInput.php(104): App\Models\KelasInputModel->fetch_data('C14220001')
 7 SYSTEMPATH\CodeIgniter.php(934): App\Controllers\KelasInput->sunting('C14220001')
 8 SYSTEMPATH\CodeIgniter.php(499): CodeIgniter\CodeIgniter->runController(Object(App\Controllers\KelasInput))
 9 SYSTEMPATH\CodeIgniter.php(368): CodeIgniter\CodeIgniter->handleRequest(null, Object(Config\Cache), false)
10 FCPATH\index.php(67): CodeIgniter\CodeIgniter->run()
INFO - 2023-04-08 09:01:57 --> Session: Class initialized using 'CodeIgniter\Session\Handlers\FileHandler' driver.
ERROR - 2023-04-08 09:02:04 --> Error connecting to the database: mysqli_sql_exception: No connection could be made because the target machine actively refused it in C:\xampp\htdocs\day3wgg\system\Database\MySQLi\Connection.php:173
Stack trace:
#0 C:\xampp\htdocs\day3wgg\system\Database\MySQLi\Connection.php(173): mysqli->real_connect('localhost', 'root', Object(SensitiveParameterValue), 'latihanwgg', 3306, '', 0)
#1 C:\xampp\htdocs\day3wgg\system\Database\BaseConnection.php(391): CodeIgniter\Database\MySQLi\Connection->connect(false)
#2 C:\xampp\htdocs\day3wgg\system\Database\BaseConnection.php(573): CodeIgniter\Database\BaseConnection->initialize()
#3 C:\xampp\htdocs\day3wgg\system\Database\BaseBuilder.php(1616): CodeIgniter\Database\BaseConnection->query('SELECT *\nFROM `...', Array, false)
#4 C:\xampp\htdocs\day3wgg\app\Models\KelasInputModel.php(20): CodeIgniter\Database\BaseBuilder->get()
#5 C:\xampp\htdocs\day3wgg\app\Controllers\KelasInput.php(22): App\Models\KelasInputModel->tampilkan_data()
#6 C:\xampp\htdocs\day3wgg\system\CodeIgniter.php(934): App\Controllers\KelasInput->index()
#7 C:\xampp\htdocs\day3wgg\system\CodeIgniter.php(499): CodeIgniter\CodeIgniter->runController(Object(App\Controllers\KelasInput))
#8 C:\xampp\htdocs\day3wgg\system\CodeIgniter.php(368): CodeIgniter\CodeIgniter->handleRequest(NULL, Object(Config\Cache), false)
#9 C:\xampp\htdocs\day3wgg\index.php(67): CodeIgniter\CodeIgniter->run()
#10 {main}

Next CodeIgniter\Database\Exceptions\DatabaseException: No connection could be made because the target machine actively refused it in C:\xampp\htdocs\day3wgg\system\Database\MySQLi\Connection.php:218
Stack trace:
#0 C:\xampp\htdocs\day3wgg\system\Database\BaseConnection.php(391): CodeIgniter\Database\MySQLi\Connection->connect(false)
#1 C:\xampp\htdocs\day3wgg\system\Database\BaseConnection.php(573): CodeIgniter\Database\BaseConnection->initialize()
#2 C:\xampp\htdocs\day3wgg\system\Database\BaseBuilder.php(1616): CodeIgniter\Database\BaseConnection->query('SELECT *\nFROM `...', Array, false)
#3 C:\xampp\htdocs\day3wgg\app\Models\KelasInputModel.php(20): CodeIgniter\Database\BaseBuilder->get()
#4 C:\xampp\htdocs\day3wgg\app\Controllers\KelasInput.php(22): App\Models\KelasInputModel->tampilkan_data()
#5 C:\xampp\htdocs\day3wgg\system\CodeIgniter.php(934): App\Controllers\KelasInput->index()
#6 C:\xampp\htdocs\day3wgg\system\CodeIgniter.php(499): CodeIgniter\CodeIgniter->runController(Object(App\Controllers\KelasInput))
#7 C:\xampp\htdocs\day3wgg\system\CodeIgniter.php(368): CodeIgniter\CodeIgniter->handleRequest(NULL, Object(Config\Cache), false)
#8 C:\xampp\htdocs\day3wgg\index.php(67): CodeIgniter\CodeIgniter->run()
#9 {main}
CRITICAL - 2023-04-08 09:02:04 --> Unable to connect to the database.
Main connection [MySQLi]: No connection could be made because the target machine actively refused it
in SYSTEMPATH\Database\BaseConnection.php on line 427.
 1 SYSTEMPATH\Database\BaseConnection.php(573): CodeIgniter\Database\BaseConnection->initialize()
 2 SYSTEMPATH\Database\BaseBuilder.php(1616): CodeIgniter\Database\BaseConnection->query('SELECT *
FROM `kelas`
ORDER BY `NRP` ASC', [], false)
 3 APPPATH\Models\KelasInputModel.php(20): CodeIgniter\Database\BaseBuilder->get()
 4 APPPATH\Controllers\KelasInput.php(22): App\Models\KelasInputModel->tampilkan_data()
 5 SYSTEMPATH\CodeIgniter.php(934): App\Controllers\KelasInput->index()
 6 SYSTEMPATH\CodeIgniter.php(499): CodeIgniter\CodeIgniter->runController(Object(App\Controllers\KelasInput))
 7 SYSTEMPATH\CodeIgniter.php(368): CodeIgniter\CodeIgniter->handleRequest(null, Object(Config\Cache), false)
 8 FCPATH\index.php(67): CodeIgniter\CodeIgniter->run()
INFO - 2023-04-08 09:02:21 --> Session: Class initialized using 'CodeIgniter\Session\Handlers\FileHandler' driver.
INFO - 2023-04-08 09:02:29 --> Session: Class initialized using 'CodeIgniter\Session\Handlers\FileHandler' driver.
INFO - 2023-04-08 09:02:29 --> Session: Class initialized using 'CodeIgniter\Session\Handlers\FileHandler' driver.
INFO - 2023-04-08 09:02:47 --> Session: Class initialized using 'CodeIgniter\Session\Handlers\FileHandler' driver.
INFO - 2023-04-08 09:02:58 --> Session: Class initialized using 'CodeIgniter\Session\Handlers\FileHandler' driver.
INFO - 2023-04-08 09:03:08 --> Session: Class initialized using 'CodeIgniter\Session\Handlers\FileHandler' driver.
INFO - 2023-04-08 09:03:12 --> Session: Class initialized using 'CodeIgniter\Session\Handlers\FileHandler' driver.
INFO - 2023-04-08 09:03:17 --> Session: Class initialized using 'CodeIgniter\Session\Handlers\FileHandler' driver.
INFO - 2023-04-08 09:03:25 --> Session: Class initialized using 'CodeIgniter\Session\Handlers\FileHandler' driver.
INFO - 2023-04-08 09:07:00 --> Session: Class initialized using 'CodeIgniter\Session\Handlers\FileHandler' driver.
INFO - 2023-04-08 09:07:09 --> Session: Class initialized using 'CodeIgniter\Session\Handlers\FileHandler' driver.
INFO - 2023-04-08 09:32:29 --> Session: Class initialized using 'CodeIgniter\Session\Handlers\FileHandler' driver.
INFO - 2023-04-08 09:32:36 --> Session: Class initialized using 'CodeIgniter\Session\Handlers\FileHandler' driver.
INFO - 2023-04-08 09:32:52 --> Session: Class initialized using 'CodeIgniter\Session\Handlers\FileHandler' driver.
INFO - 2023-04-08 09:33:13 --> Session: Class initialized using 'CodeIgniter\Session\Handlers\FileHandler' driver.
INFO - 2023-04-08 09:33:26 --> Session: Class initialized using 'CodeIgniter\Session\Handlers\FileHandler' driver.
INFO - 2023-04-08 09:33:41 --> Session: Class initialized using 'CodeIgniter\Session\Handlers\FileHandler' driver.
INFO - 2023-04-08 12:03:32 --> Session: Class initialized using 'CodeIgniter\Session\Handlers\FileHandler' driver.
INFO - 2023-04-08 12:03:57 --> Session: Class initialized using 'CodeIgniter\Session\Handlers\FileHandler' driver.
INFO - 2023-04-08 12:07:41 --> Session: Class initialized using 'CodeIgniter\Session\Handlers\FileHandler' driver.
INFO - 2023-04-08 12:31:39 --> Session: Class initialized using 'CodeIgniter\Session\Handlers\FileHandler' driver.
INFO - 2023-04-08 12:31:45 --> Session: Class initialized using 'CodeIgniter\Session\Handlers\FileHandler' driver.
INFO - 2023-04-08 14:18:00 --> Session: Class initialized using 'CodeIgniter\Session\Handlers\FileHandler' driver.
CRITICAL - 2023-04-08 14:18:07 --> Undefined array key "NRP"
in APPPATH\Models\KelasInputModel.php on line 43.
 1 APPPATH\Models\KelasInputModel.php(43): CodeIgniter\Debug\Exceptions->errorHandler(2, 'Undefined array key "NRP"', 'APPPATH\\Models\\KelasInputModel.php', 43)
 2 APPPATH\Controllers\KelasInput.php(146): App\Models\KelasInputModel->edit_data([...])
 3 SYSTEMPATH\CodeIgniter.php(934): App\Controllers\KelasInput->sunting('C14220026')
 4 SYSTEMPATH\CodeIgniter.php(499): CodeIgniter\CodeIgniter->runController(Object(App\Controllers\KelasInput))
 5 SYSTEMPATH\CodeIgniter.php(368): CodeIgniter\CodeIgniter->handleRequest(null, Object(Config\Cache), false)
 6 FCPATH\index.php(67): CodeIgniter\CodeIgniter->run()
INFO - 2023-04-08 14:18:58 --> Session: Class initialized using 'CodeIgniter\Session\Handlers\FileHandler' driver.
INFO - 2023-04-08 14:19:00 --> Session: Class initialized using 'CodeIgniter\Session\Handlers\FileHandler' driver.
INFO - 2023-04-08 14:19:00 --> Session: Class initialized using 'CodeIgniter\Session\Handlers\FileHandler' driver.
INFO - 2023-04-08 15:06:21 --> Session: Class initialized using 'CodeIgniter\Session\Handlers\FileHandler' driver.
INFO - 2023-04-08 15:06:28 --> Session: Class initialized using 'CodeIgniter\Session\Handlers\FileHandler' driver.
INFO - 2023-04-08 15:06:28 --> Session: Class initialized using 'CodeIgniter\Session\Handlers\FileHandler' driver.
INFO - 2023-04-08 15:20:37 --> Session: Class initialized using 'CodeIgniter\Session\Handlers\FileHandler' driver.
