CRITICAL - 2023-04-05 13:58:48 --> Call to a member function tampilkan_data() on null
in APPPATH\Controllers\KelasInput.php on line 20.
 1 SYSTEMPATH\CodeIgniter.php(934): App\Controllers\Kelasinput->index()
 2 SYSTEMPATH\CodeIgniter.php(499): CodeIgniter\CodeIgniter->runController(Object(App\Controllers\Kelasinput))
 3 SYSTEMPATH\CodeIgniter.php(368): CodeIgniter\CodeIgniter->handleRequest(null, Object(Config\Cache), false)
 4 FCPATH\index.php(67): CodeIgniter\CodeIgniter->run()
CRITICAL - 2023-04-05 16:32:50 --> Call to a member function tampilkan_data() on null
in APPPATH\Controllers\KelasInput.php on line 20.
 1 SYSTEMPATH\CodeIgniter.php(934): App\Controllers\Kelasinput->index()
 2 SYSTEMPATH\CodeIgniter.php(499): CodeIgniter\CodeIgniter->runController(Object(App\Controllers\Kelasinput))
 3 SYSTEMPATH\CodeIgniter.php(368): CodeIgniter\CodeIgniter->handleRequest(null, Object(Config\Cache), false)
 4 FCPATH\index.php(67): CodeIgniter\CodeIgniter->run()
CRITICAL - 2023-04-05 16:32:51 --> Call to a member function tampilkan_data() on null
in APPPATH\Controllers\KelasInput.php on line 20.
 1 SYSTEMPATH\CodeIgniter.php(934): App\Controllers\Kelasinput->index()
 2 SYSTEMPATH\CodeIgniter.php(499): CodeIgniter\CodeIgniter->runController(Object(App\Controllers\Kelasinput))
 3 SYSTEMPATH\CodeIgniter.php(368): CodeIgniter\CodeIgniter->handleRequest(null, Object(Config\Cache), false)
 4 FCPATH\index.php(67): CodeIgniter\CodeIgniter->run()
CRITICAL - 2023-04-05 16:32:54 --> Call to a member function tampilkan_data() on null
in APPPATH\Controllers\KelasInput.php on line 20.
 1 SYSTEMPATH\CodeIgniter.php(934): App\Controllers\Kelasinput->index()
 2 SYSTEMPATH\CodeIgniter.php(499): CodeIgniter\CodeIgniter->runController(Object(App\Controllers\Kelasinput))
 3 SYSTEMPATH\CodeIgniter.php(368): CodeIgniter\CodeIgniter->handleRequest(null, Object(Config\Cache), false)
 4 FCPATH\index.php(67): CodeIgniter\CodeIgniter->run()
CRITICAL - 2023-04-05 16:37:58 --> Call to a member function tampilkan_data() on null
in APPPATH\Controllers\KelasInput.php on line 20.
 1 SYSTEMPATH\CodeIgniter.php(934): App\Controllers\Kelasinput->index()
 2 SYSTEMPATH\CodeIgniter.php(499): CodeIgniter\CodeIgniter->runController(Object(App\Controllers\Kelasinput))
 3 SYSTEMPATH\CodeIgniter.php(368): CodeIgniter\CodeIgniter->handleRequest(null, Object(Config\Cache), false)
 4 FCPATH\index.php(67): CodeIgniter\CodeIgniter->run()
CRITICAL - 2023-04-05 16:37:59 --> Call to a member function tampilkan_data() on null
in APPPATH\Controllers\KelasInput.php on line 20.
 1 SYSTEMPATH\CodeIgniter.php(934): App\Controllers\Kelasinput->index()
 2 SYSTEMPATH\CodeIgniter.php(499): CodeIgniter\CodeIgniter->runController(Object(App\Controllers\Kelasinput))
 3 SYSTEMPATH\CodeIgniter.php(368): CodeIgniter\CodeIgniter->handleRequest(null, Object(Config\Cache), false)
 4 FCPATH\index.php(67): CodeIgniter\CodeIgniter->run()
CRITICAL - 2023-04-05 16:51:50 --> Call to a member function tampilkan_data() on null
in APPPATH\Controllers\KelasInput.php on line 20.
 1 SYSTEMPATH\CodeIgniter.php(934): App\Controllers\Kelasinput->index()
 2 SYSTEMPATH\CodeIgniter.php(499): CodeIgniter\CodeIgniter->runController(Object(App\Controllers\Kelasinput))
 3 SYSTEMPATH\CodeIgniter.php(368): CodeIgniter\CodeIgniter->handleRequest(null, Object(Config\Cache), false)
 4 FCPATH\index.php(67): CodeIgniter\CodeIgniter->run()
CRITICAL - 2023-04-05 16:57:12 --> Call to a member function tampilkan_data() on null
in APPPATH\Controllers\KelasInput.php on line 20.
 1 SYSTEMPATH\CodeIgniter.php(934): App\Controllers\Kelasinput->index()
 2 SYSTEMPATH\CodeIgniter.php(499): CodeIgniter\CodeIgniter->runController(Object(App\Controllers\Kelasinput))
 3 SYSTEMPATH\CodeIgniter.php(368): CodeIgniter\CodeIgniter->handleRequest(null, Object(Config\Cache), false)
 4 FCPATH\index.php(67): CodeIgniter\CodeIgniter->run()
CRITICAL - 2023-04-05 16:57:13 --> Call to a member function tampilkan_data() on null
in APPPATH\Controllers\KelasInput.php on line 20.
 1 SYSTEMPATH\CodeIgniter.php(934): App\Controllers\Kelasinput->index()
 2 SYSTEMPATH\CodeIgniter.php(499): CodeIgniter\CodeIgniter->runController(Object(App\Controllers\Kelasinput))
 3 SYSTEMPATH\CodeIgniter.php(368): CodeIgniter\CodeIgniter->handleRequest(null, Object(Config\Cache), false)
 4 FCPATH\index.php(67): CodeIgniter\CodeIgniter->run()
CRITICAL - 2023-04-05 16:59:47 --> Call to a member function tampilkan_data() on null
in APPPATH\Controllers\KelasInput.php on line 20.
 1 SYSTEMPATH\CodeIgniter.php(934): App\Controllers\KelasInput->index()
 2 SYSTEMPATH\CodeIgniter.php(499): CodeIgniter\CodeIgniter->runController(Object(App\Controllers\KelasInput))
 3 SYSTEMPATH\CodeIgniter.php(368): CodeIgniter\CodeIgniter->handleRequest(null, Object(Config\Cache), false)
 4 FCPATH\index.php(67): CodeIgniter\CodeIgniter->run()
CRITICAL - 2023-04-05 16:59:48 --> Call to a member function tampilkan_data() on null
in APPPATH\Controllers\KelasInput.php on line 20.
 1 SYSTEMPATH\CodeIgniter.php(934): App\Controllers\KelasInput->index()
 2 SYSTEMPATH\CodeIgniter.php(499): CodeIgniter\CodeIgniter->runController(Object(App\Controllers\KelasInput))
 3 SYSTEMPATH\CodeIgniter.php(368): CodeIgniter\CodeIgniter->handleRequest(null, Object(Config\Cache), false)
 4 FCPATH\index.php(67): CodeIgniter\CodeIgniter->run()
CRITICAL - 2023-04-05 16:59:59 --> Call to a member function tampilkan_data() on null
in APPPATH\Controllers\KelasInput.php on line 20.
 1 SYSTEMPATH\CodeIgniter.php(934): App\Controllers\KelasInput->index()
 2 SYSTEMPATH\CodeIgniter.php(499): CodeIgniter\CodeIgniter->runController(Object(App\Controllers\KelasInput))
 3 SYSTEMPATH\CodeIgniter.php(368): CodeIgniter\CodeIgniter->handleRequest(null, Object(Config\Cache), false)
 4 FCPATH\index.php(67): CodeIgniter\CodeIgniter->run()
CRITICAL - 2023-04-05 17:01:02 --> Call to a member function tampilkan_data() on null
in APPPATH\Controllers\KelasInput.php on line 21.
 1 SYSTEMPATH\CodeIgniter.php(934): App\Controllers\KelasInput->index()
 2 SYSTEMPATH\CodeIgniter.php(499): CodeIgniter\CodeIgniter->runController(Object(App\Controllers\KelasInput))
 3 SYSTEMPATH\CodeIgniter.php(368): CodeIgniter\CodeIgniter->handleRequest(null, Object(Config\Cache), false)
 4 FCPATH\index.php(67): CodeIgniter\CodeIgniter->run()
CRITICAL - 2023-04-05 17:10:37 --> Call to a member function tampilkan_data() on null
in APPPATH\Controllers\KelasInput.php on line 20.
 1 SYSTEMPATH\CodeIgniter.php(934): App\Controllers\KelasInput->index()
 2 SYSTEMPATH\CodeIgniter.php(499): CodeIgniter\CodeIgniter->runController(Object(App\Controllers\KelasInput))
 3 SYSTEMPATH\CodeIgniter.php(368): CodeIgniter\CodeIgniter->handleRequest(null, Object(Config\Cache), false)
 4 FCPATH\index.php(67): CodeIgniter\CodeIgniter->run()
CRITICAL - 2023-04-05 17:11:23 --> Call to a member function tampilkan_data() on null
in APPPATH\Controllers\KelasInput.php on line 20.
 1 SYSTEMPATH\CodeIgniter.php(934): App\Controllers\KelasInput->index()
 2 SYSTEMPATH\CodeIgniter.php(499): CodeIgniter\CodeIgniter->runController(Object(App\Controllers\KelasInput))
 3 SYSTEMPATH\CodeIgniter.php(368): CodeIgniter\CodeIgniter->handleRequest(null, Object(Config\Cache), false)
 4 FCPATH\index.php(67): CodeIgniter\CodeIgniter->run()
CRITICAL - 2023-04-05 17:18:52 --> Call to a member function tampilkan_data() on null
in APPPATH\Controllers\KelasInput.php on line 20.
 1 SYSTEMPATH\CodeIgniter.php(934): App\Controllers\KelasInput->index()
 2 SYSTEMPATH\CodeIgniter.php(499): CodeIgniter\CodeIgniter->runController(Object(App\Controllers\KelasInput))
 3 SYSTEMPATH\CodeIgniter.php(368): CodeIgniter\CodeIgniter->handleRequest(null, Object(Config\Cache), false)
 4 FCPATH\index.php(67): CodeIgniter\CodeIgniter->run()
CRITICAL - 2023-04-05 17:18:52 --> Call to a member function tampilkan_data() on null
in APPPATH\Controllers\KelasInput.php on line 20.
 1 SYSTEMPATH\CodeIgniter.php(934): App\Controllers\KelasInput->index()
 2 SYSTEMPATH\CodeIgniter.php(499): CodeIgniter\CodeIgniter->runController(Object(App\Controllers\KelasInput))
 3 SYSTEMPATH\CodeIgniter.php(368): CodeIgniter\CodeIgniter->handleRequest(null, Object(Config\Cache), false)
 4 FCPATH\index.php(67): CodeIgniter\CodeIgniter->run()
CRITICAL - 2023-04-05 17:18:53 --> Call to a member function tampilkan_data() on null
in APPPATH\Controllers\KelasInput.php on line 20.
 1 SYSTEMPATH\CodeIgniter.php(934): App\Controllers\KelasInput->index()
 2 SYSTEMPATH\CodeIgniter.php(499): CodeIgniter\CodeIgniter->runController(Object(App\Controllers\KelasInput))
 3 SYSTEMPATH\CodeIgniter.php(368): CodeIgniter\CodeIgniter->handleRequest(null, Object(Config\Cache), false)
 4 FCPATH\index.php(67): CodeIgniter\CodeIgniter->run()
CRITICAL - 2023-04-05 17:19:12 --> Call to a member function tampilkan_data() on null
in APPPATH\Controllers\KelasInput.php on line 22.
 1 SYSTEMPATH\CodeIgniter.php(934): App\Controllers\KelasInput->index()
 2 SYSTEMPATH\CodeIgniter.php(499): CodeIgniter\CodeIgniter->runController(Object(App\Controllers\KelasInput))
 3 SYSTEMPATH\CodeIgniter.php(368): CodeIgniter\CodeIgniter->handleRequest(null, Object(Config\Cache), false)
 4 FCPATH\index.php(67): CodeIgniter\CodeIgniter->run()
CRITICAL - 2023-04-05 17:19:13 --> Call to a member function tampilkan_data() on null
in APPPATH\Controllers\KelasInput.php on line 22.
 1 SYSTEMPATH\CodeIgniter.php(934): App\Controllers\KelasInput->index()
 2 SYSTEMPATH\CodeIgniter.php(499): CodeIgniter\CodeIgniter->runController(Object(App\Controllers\KelasInput))
 3 SYSTEMPATH\CodeIgniter.php(368): CodeIgniter\CodeIgniter->handleRequest(null, Object(Config\Cache), false)
 4 FCPATH\index.php(67): CodeIgniter\CodeIgniter->run()
CRITICAL - 2023-04-05 17:27:29 --> Call to a member function tampilkan_data() on null
in APPPATH\Controllers\KelasInput.php on line 22.
 1 SYSTEMPATH\CodeIgniter.php(934): App\Controllers\KelasInput->index()
 2 SYSTEMPATH\CodeIgniter.php(499): CodeIgniter\CodeIgniter->runController(Object(App\Controllers\KelasInput))
 3 SYSTEMPATH\CodeIgniter.php(368): CodeIgniter\CodeIgniter->handleRequest(null, Object(Config\Cache), false)
 4 FCPATH\index.php(67): CodeIgniter\CodeIgniter->run()
CRITICAL - 2023-04-05 17:27:30 --> Call to a member function tampilkan_data() on null
in APPPATH\Controllers\KelasInput.php on line 22.
 1 SYSTEMPATH\CodeIgniter.php(934): App\Controllers\KelasInput->index()
 2 SYSTEMPATH\CodeIgniter.php(499): CodeIgniter\CodeIgniter->runController(Object(App\Controllers\KelasInput))
 3 SYSTEMPATH\CodeIgniter.php(368): CodeIgniter\CodeIgniter->handleRequest(null, Object(Config\Cache), false)
 4 FCPATH\index.php(67): CodeIgniter\CodeIgniter->run()
CRITICAL - 2023-04-05 17:31:12 --> Call to a member function tampilkan_data() on null
in APPPATH\Controllers\KelasInput.php on line 22.
 1 SYSTEMPATH\CodeIgniter.php(934): App\Controllers\KelasInput->index()
 2 SYSTEMPATH\CodeIgniter.php(499): CodeIgniter\CodeIgniter->runController(Object(App\Controllers\KelasInput))
 3 SYSTEMPATH\CodeIgniter.php(368): CodeIgniter\CodeIgniter->handleRequest(null, Object(Config\Cache), false)
 4 FCPATH\index.php(67): CodeIgniter\CodeIgniter->run()
CRITICAL - 2023-04-05 17:40:44 --> Call to a member function tampilkan_data() on null
in APPPATH\Controllers\KelasInput.php on line 22.
 1 SYSTEMPATH\CodeIgniter.php(934): App\Controllers\KelasInput->index()
 2 SYSTEMPATH\CodeIgniter.php(499): CodeIgniter\CodeIgniter->runController(Object(App\Controllers\KelasInput))
 3 SYSTEMPATH\CodeIgniter.php(368): CodeIgniter\CodeIgniter->handleRequest(null, Object(Config\Cache), false)
 4 FCPATH\index.php(67): CodeIgniter\CodeIgniter->run()
CRITICAL - 2023-04-05 17:40:46 --> Call to a member function tampilkan_data() on null
in APPPATH\Controllers\KelasInput.php on line 22.
 1 SYSTEMPATH\CodeIgniter.php(934): App\Controllers\KelasInput->index()
 2 SYSTEMPATH\CodeIgniter.php(499): CodeIgniter\CodeIgniter->runController(Object(App\Controllers\KelasInput))
 3 SYSTEMPATH\CodeIgniter.php(368): CodeIgniter\CodeIgniter->handleRequest(null, Object(Config\Cache), false)
 4 FCPATH\index.php(67): CodeIgniter\CodeIgniter->run()
CRITICAL - 2023-04-05 17:43:29 --> Call to a member function tampilkan_data() on null
in APPPATH\Controllers\KelasInput.php on line 22.
 1 SYSTEMPATH\CodeIgniter.php(934): App\Controllers\KelasInput->index()
 2 SYSTEMPATH\CodeIgniter.php(499): CodeIgniter\CodeIgniter->runController(Object(App\Controllers\KelasInput))
 3 SYSTEMPATH\CodeIgniter.php(368): CodeIgniter\CodeIgniter->handleRequest(null, Object(Config\Cache), false)
 4 FCPATH\index.php(67): CodeIgniter\CodeIgniter->run()
ERROR - 2023-04-05 17:44:23 --> Error connecting to the database: mysqli_sql_exception: Unknown database 'ci4' in C:\xampp\htdocs\day3wgg\system\Database\MySQLi\Connection.php:173
Stack trace:
#0 C:\xampp\htdocs\day3wgg\system\Database\MySQLi\Connection.php(173): mysqli->real_connect('localhost', 'root', Object(SensitiveParameterValue), 'ci4', 3306, '', 0)
#1 C:\xampp\htdocs\day3wgg\system\Database\BaseConnection.php(391): CodeIgniter\Database\MySQLi\Connection->connect(false)
#2 C:\xampp\htdocs\day3wgg\system\Database\BaseConnection.php(573): CodeIgniter\Database\BaseConnection->initialize()
#3 C:\xampp\htdocs\day3wgg\system\Database\BaseBuilder.php(1616): CodeIgniter\Database\BaseConnection->query('SELECT *\nFROM `...', Array, false)
#4 C:\xampp\htdocs\day3wgg\app\Models\KelasInputModel.php(19): CodeIgniter\Database\BaseBuilder->get()
#5 C:\xampp\htdocs\day3wgg\app\Controllers\KelasInput.php(22): App\Models\KelasInputModel->tampilkan_data()
#6 C:\xampp\htdocs\day3wgg\system\CodeIgniter.php(934): App\Controllers\KelasInput->index()
#7 C:\xampp\htdocs\day3wgg\system\CodeIgniter.php(499): CodeIgniter\CodeIgniter->runController(Object(App\Controllers\KelasInput))
#8 C:\xampp\htdocs\day3wgg\system\CodeIgniter.php(368): CodeIgniter\CodeIgniter->handleRequest(NULL, Object(Config\Cache), false)
#9 C:\xampp\htdocs\day3wgg\index.php(67): CodeIgniter\CodeIgniter->run()
#10 {main}

Next CodeIgniter\Database\Exceptions\DatabaseException: Unknown database 'ci4' in C:\xampp\htdocs\day3wgg\system\Database\MySQLi\Connection.php:218
Stack trace:
#0 C:\xampp\htdocs\day3wgg\system\Database\BaseConnection.php(391): CodeIgniter\Database\MySQLi\Connection->connect(false)
#1 C:\xampp\htdocs\day3wgg\system\Database\BaseConnection.php(573): CodeIgniter\Database\BaseConnection->initialize()
#2 C:\xampp\htdocs\day3wgg\system\Database\BaseBuilder.php(1616): CodeIgniter\Database\BaseConnection->query('SELECT *\nFROM `...', Array, false)
#3 C:\xampp\htdocs\day3wgg\app\Models\KelasInputModel.php(19): CodeIgniter\Database\BaseBuilder->get()
#4 C:\xampp\htdocs\day3wgg\app\Controllers\KelasInput.php(22): App\Models\KelasInputModel->tampilkan_data()
#5 C:\xampp\htdocs\day3wgg\system\CodeIgniter.php(934): App\Controllers\KelasInput->index()
#6 C:\xampp\htdocs\day3wgg\system\CodeIgniter.php(499): CodeIgniter\CodeIgniter->runController(Object(App\Controllers\KelasInput))
#7 C:\xampp\htdocs\day3wgg\system\CodeIgniter.php(368): CodeIgniter\CodeIgniter->handleRequest(NULL, Object(Config\Cache), false)
#8 C:\xampp\htdocs\day3wgg\index.php(67): CodeIgniter\CodeIgniter->run()
#9 {main}
CRITICAL - 2023-04-05 17:44:23 --> Unable to connect to the database.
Main connection [MySQLi]: Unknown database 'ci4'
in SYSTEMPATH\Database\BaseConnection.php on line 427.
 1 SYSTEMPATH\Database\BaseConnection.php(573): CodeIgniter\Database\BaseConnection->initialize()
 2 SYSTEMPATH\Database\BaseBuilder.php(1616): CodeIgniter\Database\BaseConnection->query('SELECT *
FROM `kelas`', [], false)
 3 APPPATH\Models\KelasInputModel.php(19): CodeIgniter\Database\BaseBuilder->get()
 4 APPPATH\Controllers\KelasInput.php(22): App\Models\KelasInputModel->tampilkan_data()
 5 SYSTEMPATH\CodeIgniter.php(934): App\Controllers\KelasInput->index()
 6 SYSTEMPATH\CodeIgniter.php(499): CodeIgniter\CodeIgniter->runController(Object(App\Controllers\KelasInput))
 7 SYSTEMPATH\CodeIgniter.php(368): CodeIgniter\CodeIgniter->handleRequest(null, Object(Config\Cache), false)
 8 FCPATH\index.php(67): CodeIgniter\CodeIgniter->run()
ERROR - 2023-04-05 17:44:25 --> Error connecting to the database: mysqli_sql_exception: Unknown database 'ci4' in C:\xampp\htdocs\day3wgg\system\Database\MySQLi\Connection.php:173
Stack trace:
#0 C:\xampp\htdocs\day3wgg\system\Database\MySQLi\Connection.php(173): mysqli->real_connect('localhost', 'root', Object(SensitiveParameterValue), 'ci4', 3306, '', 0)
#1 C:\xampp\htdocs\day3wgg\system\Database\BaseConnection.php(391): CodeIgniter\Database\MySQLi\Connection->connect(false)
#2 C:\xampp\htdocs\day3wgg\system\Database\BaseConnection.php(573): CodeIgniter\Database\BaseConnection->initialize()
#3 C:\xampp\htdocs\day3wgg\system\Database\BaseBuilder.php(1616): CodeIgniter\Database\BaseConnection->query('SELECT *\nFROM `...', Array, false)
#4 C:\xampp\htdocs\day3wgg\app\Models\KelasInputModel.php(19): CodeIgniter\Database\BaseBuilder->get()
#5 C:\xampp\htdocs\day3wgg\app\Controllers\KelasInput.php(22): App\Models\KelasInputModel->tampilkan_data()
#6 C:\xampp\htdocs\day3wgg\system\CodeIgniter.php(934): App\Controllers\KelasInput->index()
#7 C:\xampp\htdocs\day3wgg\system\CodeIgniter.php(499): CodeIgniter\CodeIgniter->runController(Object(App\Controllers\KelasInput))
#8 C:\xampp\htdocs\day3wgg\system\CodeIgniter.php(368): CodeIgniter\CodeIgniter->handleRequest(NULL, Object(Config\Cache), false)
#9 C:\xampp\htdocs\day3wgg\index.php(67): CodeIgniter\CodeIgniter->run()
#10 {main}

Next CodeIgniter\Database\Exceptions\DatabaseException: Unknown database 'ci4' in C:\xampp\htdocs\day3wgg\system\Database\MySQLi\Connection.php:218
Stack trace:
#0 C:\xampp\htdocs\day3wgg\system\Database\BaseConnection.php(391): CodeIgniter\Database\MySQLi\Connection->connect(false)
#1 C:\xampp\htdocs\day3wgg\system\Database\BaseConnection.php(573): CodeIgniter\Database\BaseConnection->initialize()
#2 C:\xampp\htdocs\day3wgg\system\Database\BaseBuilder.php(1616): CodeIgniter\Database\BaseConnection->query('SELECT *\nFROM `...', Array, false)
#3 C:\xampp\htdocs\day3wgg\app\Models\KelasInputModel.php(19): CodeIgniter\Database\BaseBuilder->get()
#4 C:\xampp\htdocs\day3wgg\app\Controllers\KelasInput.php(22): App\Models\KelasInputModel->tampilkan_data()
#5 C:\xampp\htdocs\day3wgg\system\CodeIgniter.php(934): App\Controllers\KelasInput->index()
#6 C:\xampp\htdocs\day3wgg\system\CodeIgniter.php(499): CodeIgniter\CodeIgniter->runController(Object(App\Controllers\KelasInput))
#7 C:\xampp\htdocs\day3wgg\system\CodeIgniter.php(368): CodeIgniter\CodeIgniter->handleRequest(NULL, Object(Config\Cache), false)
#8 C:\xampp\htdocs\day3wgg\index.php(67): CodeIgniter\CodeIgniter->run()
#9 {main}
CRITICAL - 2023-04-05 17:44:25 --> Unable to connect to the database.
Main connection [MySQLi]: Unknown database 'ci4'
in SYSTEMPATH\Database\BaseConnection.php on line 427.
 1 SYSTEMPATH\Database\BaseConnection.php(573): CodeIgniter\Database\BaseConnection->initialize()
 2 SYSTEMPATH\Database\BaseBuilder.php(1616): CodeIgniter\Database\BaseConnection->query('SELECT *
FROM `kelas`', [], false)
 3 APPPATH\Models\KelasInputModel.php(19): CodeIgniter\Database\BaseBuilder->get()
 4 APPPATH\Controllers\KelasInput.php(22): App\Models\KelasInputModel->tampilkan_data()
 5 SYSTEMPATH\CodeIgniter.php(934): App\Controllers\KelasInput->index()
 6 SYSTEMPATH\CodeIgniter.php(499): CodeIgniter\CodeIgniter->runController(Object(App\Controllers\KelasInput))
 7 SYSTEMPATH\CodeIgniter.php(368): CodeIgniter\CodeIgniter->handleRequest(null, Object(Config\Cache), false)
 8 FCPATH\index.php(67): CodeIgniter\CodeIgniter->run()
CRITICAL - 2023-04-05 17:44:37 --> Call to a member function tampilkan_data() on null
in APPPATH\Controllers\KelasInput.php on line 22.
 1 SYSTEMPATH\CodeIgniter.php(934): App\Controllers\KelasInput->index()
 2 SYSTEMPATH\CodeIgniter.php(499): CodeIgniter\CodeIgniter->runController(Object(App\Controllers\KelasInput))
 3 SYSTEMPATH\CodeIgniter.php(368): CodeIgniter\CodeIgniter->handleRequest(null, Object(Config\Cache), false)
 4 FCPATH\index.php(67): CodeIgniter\CodeIgniter->run()
CRITICAL - 2023-04-05 17:45:51 --> Call to a member function tampilkan_data() on null
in APPPATH\Controllers\KelasInput.php on line 22.
 1 SYSTEMPATH\CodeIgniter.php(934): App\Controllers\KelasInput->index()
 2 SYSTEMPATH\CodeIgniter.php(499): CodeIgniter\CodeIgniter->runController(Object(App\Controllers\KelasInput))
 3 SYSTEMPATH\CodeIgniter.php(368): CodeIgniter\CodeIgniter->handleRequest(null, Object(Config\Cache), false)
 4 FCPATH\index.php(67): CodeIgniter\CodeIgniter->run()
CRITICAL - 2023-04-05 17:55:39 --> Call to a member function tampilkan_data() on null
in APPPATH\Controllers\KelasInput.php on line 22.
 1 SYSTEMPATH\CodeIgniter.php(934): App\Controllers\KelasInput->index()
 2 SYSTEMPATH\CodeIgniter.php(499): CodeIgniter\CodeIgniter->runController(Object(App\Controllers\KelasInput))
 3 SYSTEMPATH\CodeIgniter.php(368): CodeIgniter\CodeIgniter->handleRequest(null, Object(Config\Cache), false)
 4 FCPATH\index.php(67): CodeIgniter\CodeIgniter->run()
CRITICAL - 2023-04-05 17:55:40 --> Call to a member function tampilkan_data() on null
in APPPATH\Controllers\KelasInput.php on line 22.
 1 SYSTEMPATH\CodeIgniter.php(934): App\Controllers\KelasInput->index()
 2 SYSTEMPATH\CodeIgniter.php(499): CodeIgniter\CodeIgniter->runController(Object(App\Controllers\KelasInput))
 3 SYSTEMPATH\CodeIgniter.php(368): CodeIgniter\CodeIgniter->handleRequest(null, Object(Config\Cache), false)
 4 FCPATH\index.php(67): CodeIgniter\CodeIgniter->run()
CRITICAL - 2023-04-05 17:55:42 --> Call to a member function tampilkan_data() on null
in APPPATH\Controllers\KelasInput.php on line 22.
 1 SYSTEMPATH\CodeIgniter.php(934): App\Controllers\KelasInput->index()
 2 SYSTEMPATH\CodeIgniter.php(499): CodeIgniter\CodeIgniter->runController(Object(App\Controllers\KelasInput))
 3 SYSTEMPATH\CodeIgniter.php(368): CodeIgniter\CodeIgniter->handleRequest(null, Object(Config\Cache), false)
 4 FCPATH\index.php(67): CodeIgniter\CodeIgniter->run()
ERROR - 2023-04-05 17:55:53 --> Error connecting to the database: mysqli_sql_exception: Unknown database 'ci4' in C:\xampp\htdocs\day3wgg\system\Database\MySQLi\Connection.php:173
Stack trace:
#0 C:\xampp\htdocs\day3wgg\system\Database\MySQLi\Connection.php(173): mysqli->real_connect('localhost', 'root', Object(SensitiveParameterValue), 'ci4', 3306, '', 0)
#1 C:\xampp\htdocs\day3wgg\system\Database\BaseConnection.php(391): CodeIgniter\Database\MySQLi\Connection->connect(false)
#2 C:\xampp\htdocs\day3wgg\system\Database\BaseConnection.php(573): CodeIgniter\Database\BaseConnection->initialize()
#3 C:\xampp\htdocs\day3wgg\system\Database\BaseBuilder.php(1616): CodeIgniter\Database\BaseConnection->query('SELECT *\nFROM `...', Array, false)
#4 C:\xampp\htdocs\day3wgg\app\Models\KelasInputModel.php(19): CodeIgniter\Database\BaseBuilder->get()
#5 C:\xampp\htdocs\day3wgg\app\Controllers\KelasInput.php(22): App\Models\KelasInputModel->tampilkan_data()
#6 C:\xampp\htdocs\day3wgg\system\CodeIgniter.php(934): App\Controllers\KelasInput->index()
#7 C:\xampp\htdocs\day3wgg\system\CodeIgniter.php(499): CodeIgniter\CodeIgniter->runController(Object(App\Controllers\KelasInput))
#8 C:\xampp\htdocs\day3wgg\system\CodeIgniter.php(368): CodeIgniter\CodeIgniter->handleRequest(NULL, Object(Config\Cache), false)
#9 C:\xampp\htdocs\day3wgg\index.php(67): CodeIgniter\CodeIgniter->run()
#10 {main}

Next CodeIgniter\Database\Exceptions\DatabaseException: Unknown database 'ci4' in C:\xampp\htdocs\day3wgg\system\Database\MySQLi\Connection.php:218
Stack trace:
#0 C:\xampp\htdocs\day3wgg\system\Database\BaseConnection.php(391): CodeIgniter\Database\MySQLi\Connection->connect(false)
#1 C:\xampp\htdocs\day3wgg\system\Database\BaseConnection.php(573): CodeIgniter\Database\BaseConnection->initialize()
#2 C:\xampp\htdocs\day3wgg\system\Database\BaseBuilder.php(1616): CodeIgniter\Database\BaseConnection->query('SELECT *\nFROM `...', Array, false)
#3 C:\xampp\htdocs\day3wgg\app\Models\KelasInputModel.php(19): CodeIgniter\Database\BaseBuilder->get()
#4 C:\xampp\htdocs\day3wgg\app\Controllers\KelasInput.php(22): App\Models\KelasInputModel->tampilkan_data()
#5 C:\xampp\htdocs\day3wgg\system\CodeIgniter.php(934): App\Controllers\KelasInput->index()
#6 C:\xampp\htdocs\day3wgg\system\CodeIgniter.php(499): CodeIgniter\CodeIgniter->runController(Object(App\Controllers\KelasInput))
#7 C:\xampp\htdocs\day3wgg\system\CodeIgniter.php(368): CodeIgniter\CodeIgniter->handleRequest(NULL, Object(Config\Cache), false)
#8 C:\xampp\htdocs\day3wgg\index.php(67): CodeIgniter\CodeIgniter->run()
#9 {main}
CRITICAL - 2023-04-05 17:55:53 --> Unable to connect to the database.
Main connection [MySQLi]: Unknown database 'ci4'
in SYSTEMPATH\Database\BaseConnection.php on line 427.
 1 SYSTEMPATH\Database\BaseConnection.php(573): CodeIgniter\Database\BaseConnection->initialize()
 2 SYSTEMPATH\Database\BaseBuilder.php(1616): CodeIgniter\Database\BaseConnection->query('SELECT *
FROM `kelas`', [], false)
 3 APPPATH\Models\KelasInputModel.php(19): CodeIgniter\Database\BaseBuilder->get()
 4 APPPATH\Controllers\KelasInput.php(22): App\Models\KelasInputModel->tampilkan_data()
 5 SYSTEMPATH\CodeIgniter.php(934): App\Controllers\KelasInput->index()
 6 SYSTEMPATH\CodeIgniter.php(499): CodeIgniter\CodeIgniter->runController(Object(App\Controllers\KelasInput))
 7 SYSTEMPATH\CodeIgniter.php(368): CodeIgniter\CodeIgniter->handleRequest(null, Object(Config\Cache), false)
 8 FCPATH\index.php(67): CodeIgniter\CodeIgniter->run()
ERROR - 2023-04-05 18:01:33 --> Error connecting to the database: mysqli_sql_exception: Unknown database 'ci4' in C:\xampp\htdocs\day3wgg\system\Database\MySQLi\Connection.php:173
Stack trace:
#0 C:\xampp\htdocs\day3wgg\system\Database\MySQLi\Connection.php(173): mysqli->real_connect('localhost', 'root', Object(SensitiveParameterValue), 'ci4', 3306, '', 0)
#1 C:\xampp\htdocs\day3wgg\system\Database\BaseConnection.php(391): CodeIgniter\Database\MySQLi\Connection->connect(false)
#2 C:\xampp\htdocs\day3wgg\system\Database\BaseConnection.php(573): CodeIgniter\Database\BaseConnection->initialize()
#3 C:\xampp\htdocs\day3wgg\system\Database\BaseBuilder.php(1616): CodeIgniter\Database\BaseConnection->query('SELECT *\nFROM `...', Array, false)
#4 C:\xampp\htdocs\day3wgg\app\Models\KelasInputModel.php(19): CodeIgniter\Database\BaseBuilder->get()
#5 C:\xampp\htdocs\day3wgg\app\Controllers\KelasInput.php(22): App\Models\KelasInputModel->tampilkan_data()
#6 C:\xampp\htdocs\day3wgg\system\CodeIgniter.php(934): App\Controllers\KelasInput->index()
#7 C:\xampp\htdocs\day3wgg\system\CodeIgniter.php(499): CodeIgniter\CodeIgniter->runController(Object(App\Controllers\KelasInput))
#8 C:\xampp\htdocs\day3wgg\system\CodeIgniter.php(368): CodeIgniter\CodeIgniter->handleRequest(NULL, Object(Config\Cache), false)
#9 C:\xampp\htdocs\day3wgg\index.php(67): CodeIgniter\CodeIgniter->run()
#10 {main}

Next CodeIgniter\Database\Exceptions\DatabaseException: Unknown database 'ci4' in C:\xampp\htdocs\day3wgg\system\Database\MySQLi\Connection.php:218
Stack trace:
#0 C:\xampp\htdocs\day3wgg\system\Database\BaseConnection.php(391): CodeIgniter\Database\MySQLi\Connection->connect(false)
#1 C:\xampp\htdocs\day3wgg\system\Database\BaseConnection.php(573): CodeIgniter\Database\BaseConnection->initialize()
#2 C:\xampp\htdocs\day3wgg\system\Database\BaseBuilder.php(1616): CodeIgniter\Database\BaseConnection->query('SELECT *\nFROM `...', Array, false)
#3 C:\xampp\htdocs\day3wgg\app\Models\KelasInputModel.php(19): CodeIgniter\Database\BaseBuilder->get()
#4 C:\xampp\htdocs\day3wgg\app\Controllers\KelasInput.php(22): App\Models\KelasInputModel->tampilkan_data()
#5 C:\xampp\htdocs\day3wgg\system\CodeIgniter.php(934): App\Controllers\KelasInput->index()
#6 C:\xampp\htdocs\day3wgg\system\CodeIgniter.php(499): CodeIgniter\CodeIgniter->runController(Object(App\Controllers\KelasInput))
#7 C:\xampp\htdocs\day3wgg\system\CodeIgniter.php(368): CodeIgniter\CodeIgniter->handleRequest(NULL, Object(Config\Cache), false)
#8 C:\xampp\htdocs\day3wgg\index.php(67): CodeIgniter\CodeIgniter->run()
#9 {main}
CRITICAL - 2023-04-05 18:01:33 --> Unable to connect to the database.
Main connection [MySQLi]: Unknown database 'ci4'
in SYSTEMPATH\Database\BaseConnection.php on line 427.
 1 SYSTEMPATH\Database\BaseConnection.php(573): CodeIgniter\Database\BaseConnection->initialize()
 2 SYSTEMPATH\Database\BaseBuilder.php(1616): CodeIgniter\Database\BaseConnection->query('SELECT *
FROM `kelas`', [], false)
 3 APPPATH\Models\KelasInputModel.php(19): CodeIgniter\Database\BaseBuilder->get()
 4 APPPATH\Controllers\KelasInput.php(22): App\Models\KelasInputModel->tampilkan_data()
 5 SYSTEMPATH\CodeIgniter.php(934): App\Controllers\KelasInput->index()
 6 SYSTEMPATH\CodeIgniter.php(499): CodeIgniter\CodeIgniter->runController(Object(App\Controllers\KelasInput))
 7 SYSTEMPATH\CodeIgniter.php(368): CodeIgniter\CodeIgniter->handleRequest(null, Object(Config\Cache), false)
 8 FCPATH\index.php(67): CodeIgniter\CodeIgniter->run()
