INFO - 2023-04-07 16:03:01 --> Session: Class initialized using 'CodeIgniter\Session\Handlers\FileHandler' driver.
INFO - 2023-04-07 16:03:05 --> Session: Class initialized using 'CodeIgniter\Session\Handlers\FileHandler' driver.
INFO - 2023-04-07 16:03:05 --> Session: Class initialized using 'CodeIgniter\Session\Handlers\FileHandler' driver.
INFO - 2023-04-07 16:07:15 --> Session: Class initialized using 'CodeIgniter\Session\Handlers\FileHandler' driver.
INFO - 2023-04-07 16:07:16 --> Session: Class initialized using 'CodeIgniter\Session\Handlers\FileHandler' driver.
INFO - 2023-04-07 16:07:16 --> Session: Class initialized using 'CodeIgniter\Session\Handlers\FileHandler' driver.
INFO - 2023-04-07 16:17:55 --> Session: Class initialized using 'CodeIgniter\Session\Handlers\FileHandler' driver.
INFO - 2023-04-07 16:18:02 --> Session: Class initialized using 'CodeIgniter\Session\Handlers\FileHandler' driver.
INFO - 2023-04-07 16:18:02 --> Session: Class initialized using 'CodeIgniter\Session\Handlers\FileHandler' driver.
INFO - 2023-04-07 16:25:24 --> Session: Class initialized using 'CodeIgniter\Session\Handlers\FileHandler' driver.
INFO - 2023-04-07 16:25:29 --> Session: Class initialized using 'CodeIgniter\Session\Handlers\FileHandler' driver.
INFO - 2023-04-07 16:25:29 --> Session: Class initialized using 'CodeIgniter\Session\Handlers\FileHandler' driver.
INFO - 2023-04-07 17:37:54 --> Session: Class initialized using 'CodeIgniter\Session\Handlers\FileHandler' driver.
CRITICAL - 2023-04-07 17:38:04 --> " max_length" is not a valid rule.
in SYSTEMPATH\Validation\Validation.php on line 320.
 1 SYSTEMPATH\Validation\Validation.php(320): CodeIgniter\Validation\Exceptions\ValidationException::forRuleNotFound(' max_length')
 2 SYSTEMPATH\Validation\Validation.php(170): CodeIgniter\Validation\Validation->processRules('nama', 'nama', 'Halo', [...], [...])
 3 SYSTEMPATH\Controller.php(140): CodeIgniter\Validation\Validation->run()
 4 APPPATH\Controllers\KelasInput.php(64): CodeIgniter\Controller->validate([...])
 5 SYSTEMPATH\CodeIgniter.php(934): App\Controllers\KelasInput->tambah()
 6 SYSTEMPATH\CodeIgniter.php(499): CodeIgniter\CodeIgniter->runController(Object(App\Controllers\KelasInput))
 7 SYSTEMPATH\CodeIgniter.php(368): CodeIgniter\CodeIgniter->handleRequest(null, Object(Config\Cache), false)
 8 FCPATH\index.php(67): CodeIgniter\CodeIgniter->run()
CRITICAL - 2023-04-07 17:38:53 --> " max_length" is not a valid rule.
in SYSTEMPATH\Validation\Validation.php on line 320.
 1 SYSTEMPATH\Validation\Validation.php(320): CodeIgniter\Validation\Exceptions\ValidationException::forRuleNotFound(' max_length')
 2 SYSTEMPATH\Validation\Validation.php(170): CodeIgniter\Validation\Validation->processRules('nama', 'nama', 'Halo', [...], [...])
 3 SYSTEMPATH\Controller.php(140): CodeIgniter\Validation\Validation->run()
 4 APPPATH\Controllers\KelasInput.php(64): CodeIgniter\Controller->validate([...])
 5 SYSTEMPATH\CodeIgniter.php(934): App\Controllers\KelasInput->tambah()
 6 SYSTEMPATH\CodeIgniter.php(499): CodeIgniter\CodeIgniter->runController(Object(App\Controllers\KelasInput))
 7 SYSTEMPATH\CodeIgniter.php(368): CodeIgniter\CodeIgniter->handleRequest(null, Object(Config\Cache), false)
 8 FCPATH\index.php(67): CodeIgniter\CodeIgniter->run()
CRITICAL - 2023-04-07 17:38:56 --> " max_length" is not a valid rule.
in SYSTEMPATH\Validation\Validation.php on line 320.
 1 SYSTEMPATH\Validation\Validation.php(320): CodeIgniter\Validation\Exceptions\ValidationException::forRuleNotFound(' max_length')
 2 SYSTEMPATH\Validation\Validation.php(170): CodeIgniter\Validation\Validation->processRules('nama', 'nama', 'Halo', [...], [...])
 3 SYSTEMPATH\Controller.php(140): CodeIgniter\Validation\Validation->run()
 4 APPPATH\Controllers\KelasInput.php(64): CodeIgniter\Controller->validate([...])
 5 SYSTEMPATH\CodeIgniter.php(934): App\Controllers\KelasInput->tambah()
 6 SYSTEMPATH\CodeIgniter.php(499): CodeIgniter\CodeIgniter->runController(Object(App\Controllers\KelasInput))
 7 SYSTEMPATH\CodeIgniter.php(368): CodeIgniter\CodeIgniter->handleRequest(null, Object(Config\Cache), false)
 8 FCPATH\index.php(67): CodeIgniter\CodeIgniter->run()
INFO - 2023-04-07 17:38:58 --> Session: Class initialized using 'CodeIgniter\Session\Handlers\FileHandler' driver.
CRITICAL - 2023-04-07 17:39:03 --> " max_length" is not a valid rule.
in SYSTEMPATH\Validation\Validation.php on line 320.
 1 SYSTEMPATH\Validation\Validation.php(320): CodeIgniter\Validation\Exceptions\ValidationException::forRuleNotFound(' max_length')
 2 SYSTEMPATH\Validation\Validation.php(170): CodeIgniter\Validation\Validation->processRules('nama', 'nama', 'Halo', [...], [...])
 3 SYSTEMPATH\Controller.php(140): CodeIgniter\Validation\Validation->run()
 4 APPPATH\Controllers\KelasInput.php(64): CodeIgniter\Controller->validate([...])
 5 SYSTEMPATH\CodeIgniter.php(934): App\Controllers\KelasInput->tambah()
 6 SYSTEMPATH\CodeIgniter.php(499): CodeIgniter\CodeIgniter->runController(Object(App\Controllers\KelasInput))
 7 SYSTEMPATH\CodeIgniter.php(368): CodeIgniter\CodeIgniter->handleRequest(null, Object(Config\Cache), false)
 8 FCPATH\index.php(67): CodeIgniter\CodeIgniter->run()
INFO - 2023-04-07 17:39:05 --> Session: Class initialized using 'CodeIgniter\Session\Handlers\FileHandler' driver.
INFO - 2023-04-07 17:39:09 --> Session: Class initialized using 'CodeIgniter\Session\Handlers\FileHandler' driver.
INFO - 2023-04-07 17:39:09 --> Session: Class initialized using 'CodeIgniter\Session\Handlers\FileHandler' driver.
CRITICAL - 2023-04-07 17:39:35 --> " max_length" is not a valid rule.
in SYSTEMPATH\Validation\Validation.php on line 320.
 1 SYSTEMPATH\Validation\Validation.php(320): CodeIgniter\Validation\Exceptions\ValidationException::forRuleNotFound(' max_length')
 2 SYSTEMPATH\Validation\Validation.php(170): CodeIgniter\Validation\Validation->processRules('nrp', 'nrp', 'c14220001', [...], [...])
 3 SYSTEMPATH\Controller.php(140): CodeIgniter\Validation\Validation->run()
 4 APPPATH\Controllers\KelasInput.php(64): CodeIgniter\Controller->validate([...])
 5 SYSTEMPATH\CodeIgniter.php(934): App\Controllers\KelasInput->tambah()
 6 SYSTEMPATH\CodeIgniter.php(499): CodeIgniter\CodeIgniter->runController(Object(App\Controllers\KelasInput))
 7 SYSTEMPATH\CodeIgniter.php(368): CodeIgniter\CodeIgniter->handleRequest(null, Object(Config\Cache), false)
 8 FCPATH\index.php(67): CodeIgniter\CodeIgniter->run()
INFO - 2023-04-07 17:40:53 --> Session: Class initialized using 'CodeIgniter\Session\Handlers\FileHandler' driver.
INFO - 2023-04-07 17:40:53 --> Session: Class initialized using 'CodeIgniter\Session\Handlers\FileHandler' driver.
INFO - 2023-04-07 17:41:19 --> Session: Class initialized using 'CodeIgniter\Session\Handlers\FileHandler' driver.
INFO - 2023-04-07 17:41:19 --> Session: Class initialized using 'CodeIgniter\Session\Handlers\FileHandler' driver.
INFO - 2023-04-07 17:41:59 --> Session: Class initialized using 'CodeIgniter\Session\Handlers\FileHandler' driver.
INFO - 2023-04-07 17:41:59 --> Session: Class initialized using 'CodeIgniter\Session\Handlers\FileHandler' driver.
